{"C:\\Users\\Gustavo\\Desktop\\pokedex\\src\\App.tsx": {"path":"C:\\Users\\Gustavo\\Desktop\\pokedex\\src\\App.tsx","statementMap":{"0":{"start":{"line":7,"column":22},"end":{"line":10,"column":1}},"1":{"start":{"line":8,"column":19},"end":{"line":8,"column":37}},"2":{"start":{"line":9,"column":2},"end":{"line":9,"column":59}}},"fnMap":{"0":{"name":"(anonymous_0)","decl":{"start":{"line":7,"column":22},"end":{"line":7,"column":23}},"loc":{"start":{"line":7,"column":28},"end":{"line":10,"column":1}},"line":7}},"branchMap":{},"s":{"0":0,"1":0,"2":0},"f":{"0":0},"b":{}}
,"C:\\Users\\Gustavo\\Desktop\\pokedex\\src\\data\\models\\PokemonResponse.ts": {"path":"C:\\Users\\Gustavo\\Desktop\\pokedex\\src\\data\\models\\PokemonResponse.ts","statementMap":{},"fnMap":{},"branchMap":{},"s":{},"f":{},"b":{}}
,"C:\\Users\\Gustavo\\Desktop\\pokedex\\src\\data\\models\\PokemonsResponse.ts": {"path":"C:\\Users\\Gustavo\\Desktop\\pokedex\\src\\data\\models\\PokemonsResponse.ts","statementMap":{},"fnMap":{},"branchMap":{},"s":{},"f":{},"b":{}}
,"C:\\Users\\Gustavo\\Desktop\\pokedex\\src\\data\\protocols\\http\\HttpClient.ts": {"path":"C:\\Users\\Gustavo\\Desktop\\pokedex\\src\\data\\protocols\\http\\HttpClient.ts","statementMap":{},"fnMap":{},"branchMap":{},"s":{},"f":{},"b":{},"_coverageSchema":"1a1c01bbd47fc00a2c39e90264f33305004495a9","hash":"2e116bc8894e92f2c1c34b76cd26899446e169af"}
,"C:\\Users\\Gustavo\\Desktop\\pokedex\\src\\data\\protocols\\repository\\PokemonRepository.ts": {"path":"C:\\Users\\Gustavo\\Desktop\\pokedex\\src\\data\\protocols\\repository\\PokemonRepository.ts","statementMap":{},"fnMap":{},"branchMap":{},"s":{},"f":{},"b":{}}
,"C:\\Users\\Gustavo\\Desktop\\pokedex\\src\\data\\usecases\\FetchPokemonsImpl.ts": {"path":"C:\\Users\\Gustavo\\Desktop\\pokedex\\src\\data\\usecases\\FetchPokemonsImpl.ts","statementMap":{"0":{"start":{"line":9,"column":32},"end":{"line":9,"column":34}},"1":{"start":{"line":10,"column":62},"end":{"line":10,"column":64}},"2":{"start":{"line":12,"column":28},"end":{"line":12,"column":61}},"3":{"start":{"line":14,"column":4},"end":{"line":20,"column":7}},"4":{"start":{"line":15,"column":6},"end":{"line":19,"column":8}},"5":{"start":{"line":17,"column":10},"end":{"line":17,"column":46}},"6":{"start":{"line":17,"column":23},"end":{"line":17,"column":46}},"7":{"start":{"line":22,"column":4},"end":{"line":22,"column":39}},"8":{"start":{"line":23,"column":4},"end":{"line":23,"column":48}},"9":{"start":{"line":23,"column":35},"end":{"line":23,"column":46}}},"fnMap":{"0":{"name":"(anonymous_0)","decl":{"start":{"line":6,"column":2},"end":{"line":6,"column":3}},"loc":{"start":{"line":6,"column":62},"end":{"line":6,"column":64}},"line":6},"1":{"name":"(anonymous_1)","decl":{"start":{"line":8,"column":2},"end":{"line":8,"column":3}},"loc":{"start":{"line":8,"column":52},"end":{"line":24,"column":3}},"line":8},"2":{"name":"(anonymous_2)","decl":{"start":{"line":14,"column":28},"end":{"line":14,"column":29}},"loc":{"start":{"line":14,"column":46},"end":{"line":20,"column":5}},"line":14},"3":{"name":"(anonymous_3)","decl":{"start":{"line":16,"column":58},"end":{"line":16,"column":59}},"loc":{"start":{"line":16,"column":69},"end":{"line":18,"column":9}},"line":16},"4":{"name":"(anonymous_4)","decl":{"start":{"line":23,"column":25},"end":{"line":23,"column":26}},"loc":{"start":{"line":23,"column":35},"end":{"line":23,"column":46}},"line":23}},"branchMap":{"0":{"loc":{"start":{"line":17,"column":10},"end":{"line":17,"column":46}},"type":"if","locations":[{"start":{"line":17,"column":10},"end":{"line":17,"column":46}},{"start":{},"end":{}}],"line":17}},"s":{"0":1,"1":1,"2":1,"3":1,"4":10,"5":10,"6":10,"7":1,"8":1,"9":9},"f":{"0":4,"1":1,"2":10,"3":10,"4":9},"b":{"0":[10,0]},"_coverageSchema":"1a1c01bbd47fc00a2c39e90264f33305004495a9","hash":"2015809ff6cf9137b0cc70b1bba123db0fdb1cc1"}
,"C:\\Users\\Gustavo\\Desktop\\pokedex\\src\\data\\usecases\\SearchPokemonImpl.ts": {"path":"C:\\Users\\Gustavo\\Desktop\\pokedex\\src\\data\\usecases\\SearchPokemonImpl.ts","statementMap":{"0":{"start":{"line":9,"column":4},"end":{"line":9,"column":46}}},"fnMap":{"0":{"name":"(anonymous_0)","decl":{"start":{"line":6,"column":2},"end":{"line":6,"column":3}},"loc":{"start":{"line":6,"column":69},"end":{"line":6,"column":71}},"line":6},"1":{"name":"(anonymous_1)","decl":{"start":{"line":8,"column":2},"end":{"line":8,"column":3}},"loc":{"start":{"line":8,"column":56},"end":{"line":10,"column":3}},"line":8}},"branchMap":{},"s":{"0":2},"f":{"0":4,"1":2},"b":{},"_coverageSchema":"1a1c01bbd47fc00a2c39e90264f33305004495a9","hash":"90e594ae1514b1a24313dacd2262030619581814"}
,"C:\\Users\\Gustavo\\Desktop\\pokedex\\src\\domain\\entities\\Pokemon.ts": {"path":"C:\\Users\\Gustavo\\Desktop\\pokedex\\src\\domain\\entities\\Pokemon.ts","statementMap":{},"fnMap":{},"branchMap":{},"s":{},"f":{},"b":{}}
,"C:\\Users\\Gustavo\\Desktop\\pokedex\\src\\domain\\entities\\PokemonType.ts": {"path":"C:\\Users\\Gustavo\\Desktop\\pokedex\\src\\domain\\entities\\PokemonType.ts","statementMap":{},"fnMap":{},"branchMap":{},"s":{},"f":{},"b":{}}
,"C:\\Users\\Gustavo\\Desktop\\pokedex\\src\\domain\\errors\\DataSourceError.ts": {"path":"C:\\Users\\Gustavo\\Desktop\\pokedex\\src\\domain\\errors\\DataSourceError.ts","statementMap":{"0":{"start":{"line":3,"column":4},"end":{"line":3,"column":49}},"1":{"start":{"line":4,"column":4},"end":{"line":4,"column":34}}},"fnMap":{"0":{"name":"(anonymous_0)","decl":{"start":{"line":2,"column":2},"end":{"line":2,"column":3}},"loc":{"start":{"line":2,"column":16},"end":{"line":5,"column":3}},"line":2}},"branchMap":{},"s":{"0":3,"1":3},"f":{"0":3},"b":{},"_coverageSchema":"1a1c01bbd47fc00a2c39e90264f33305004495a9","hash":"5e97615dc2ac4e3fd5c2339df3d180e4c8ddf9d8"}
,"C:\\Users\\Gustavo\\Desktop\\pokedex\\src\\domain\\errors\\UnexpectedError.ts": {"path":"C:\\Users\\Gustavo\\Desktop\\pokedex\\src\\domain\\errors\\UnexpectedError.ts","statementMap":{"0":{"start":{"line":3,"column":4},"end":{"line":3,"column":56}},"1":{"start":{"line":4,"column":4},"end":{"line":4,"column":34}}},"fnMap":{"0":{"name":"(anonymous_0)","decl":{"start":{"line":2,"column":2},"end":{"line":2,"column":3}},"loc":{"start":{"line":2,"column":16},"end":{"line":5,"column":3}},"line":2}},"branchMap":{},"s":{"0":0,"1":0},"f":{"0":0},"b":{}}
,"C:\\Users\\Gustavo\\Desktop\\pokedex\\src\\domain\\usecases\\FetchPokemons.ts": {"path":"C:\\Users\\Gustavo\\Desktop\\pokedex\\src\\domain\\usecases\\FetchPokemons.ts","statementMap":{},"fnMap":{},"branchMap":{},"s":{},"f":{},"b":{}}
,"C:\\Users\\Gustavo\\Desktop\\pokedex\\src\\domain\\usecases\\SearchPokemon.ts": {"path":"C:\\Users\\Gustavo\\Desktop\\pokedex\\src\\domain\\usecases\\SearchPokemon.ts","statementMap":{},"fnMap":{},"branchMap":{},"s":{},"f":{},"b":{}}
,"C:\\Users\\Gustavo\\Desktop\\pokedex\\src\\infra\\http\\AxiosHttpClient.ts": {"path":"C:\\Users\\Gustavo\\Desktop\\pokedex\\src\\infra\\http\\AxiosHttpClient.ts","statementMap":{"0":{"start":{"line":6,"column":4},"end":{"line":32,"column":9}},"1":{"start":{"line":14,"column":8},"end":{"line":17,"column":10}},"2":{"start":{"line":20,"column":44},"end":{"line":20,"column":73}},"3":{"start":{"line":21,"column":8},"end":{"line":26,"column":9}},"4":{"start":{"line":22,"column":10},"end":{"line":22,"column":59}},"5":{"start":{"line":23,"column":10},"end":{"line":23,"column":51}},"6":{"start":{"line":24,"column":15},"end":{"line":26,"column":9}},"7":{"start":{"line":25,"column":10},"end":{"line":25,"column":54}},"8":{"start":{"line":28,"column":8},"end":{"line":31,"column":10}}},"fnMap":{"0":{"name":"(anonymous_0)","decl":{"start":{"line":5,"column":2},"end":{"line":5,"column":3}},"loc":{"start":{"line":5,"column":63},"end":{"line":33,"column":3}},"line":5},"1":{"name":"(anonymous_1)","decl":{"start":{"line":13,"column":12},"end":{"line":13,"column":13}},"loc":{"start":{"line":13,"column":41},"end":{"line":18,"column":7}},"line":13},"2":{"name":"(anonymous_2)","decl":{"start":{"line":19,"column":13},"end":{"line":19,"column":14}},"loc":{"start":{"line":19,"column":22},"end":{"line":32,"column":7}},"line":19}},"branchMap":{"0":{"loc":{"start":{"line":21,"column":8},"end":{"line":26,"column":9}},"type":"if","locations":[{"start":{"line":21,"column":8},"end":{"line":26,"column":9}},{"start":{"line":24,"column":15},"end":{"line":26,"column":9}}],"line":21},"1":{"loc":{"start":{"line":21,"column":12},"end":{"line":21,"column":55}},"type":"binary-expr","locations":[{"start":{"line":21,"column":12},"end":{"line":21,"column":37}},{"start":{"line":21,"column":41},"end":{"line":21,"column":55}}],"line":21},"2":{"loc":{"start":{"line":24,"column":15},"end":{"line":26,"column":9}},"type":"if","locations":[{"start":{"line":24,"column":15},"end":{"line":26,"column":9}},{"start":{},"end":{}}],"line":24}},"s":{"0":5,"1":2,"2":3,"3":3,"4":1,"5":1,"6":2,"7":1,"8":3},"f":{"0":5,"1":2,"2":3},"b":{"0":[1,2],"1":[3,1],"2":[1,1]},"_coverageSchema":"1a1c01bbd47fc00a2c39e90264f33305004495a9","hash":"c8a7c525dd7dbd740d8e9114ddb03ca93c5d2ca6"}
,"C:\\Users\\Gustavo\\Desktop\\pokedex\\src\\infra\\mappers\\DomainMapper.ts": {"path":"C:\\Users\\Gustavo\\Desktop\\pokedex\\src\\infra\\mappers\\DomainMapper.ts","statementMap":{},"fnMap":{},"branchMap":{},"s":{},"f":{},"b":{},"_coverageSchema":"1a1c01bbd47fc00a2c39e90264f33305004495a9","hash":"70f5a16d84db07f98de104cd4f55876e1a92a686"}
,"C:\\Users\\Gustavo\\Desktop\\pokedex\\src\\infra\\mappers\\PokemonMapper.ts": {"path":"C:\\Users\\Gustavo\\Desktop\\pokedex\\src\\infra\\mappers\\PokemonMapper.ts","statementMap":{"0":{"start":{"line":11,"column":4},"end":{"line":16,"column":7}},"1":{"start":{"line":12,"column":6},"end":{"line":15,"column":8}},"2":{"start":{"line":20,"column":4},"end":{"line":20,"column":49}},"3":{"start":{"line":20,"column":33},"end":{"line":20,"column":47}},"4":{"start":{"line":24,"column":4},"end":{"line":32,"column":6}}},"fnMap":{"0":{"name":"(anonymous_0)","decl":{"start":{"line":10,"column":2},"end":{"line":10,"column":3}},"loc":{"start":{"line":10,"column":48},"end":{"line":17,"column":3}},"line":10},"1":{"name":"(anonymous_1)","decl":{"start":{"line":11,"column":25},"end":{"line":11,"column":26}},"loc":{"start":{"line":11,"column":33},"end":{"line":16,"column":5}},"line":11},"2":{"name":"(anonymous_2)","decl":{"start":{"line":19,"column":2},"end":{"line":19,"column":3}},"loc":{"start":{"line":19,"column":48},"end":{"line":21,"column":3}},"line":19},"3":{"name":"(anonymous_3)","decl":{"start":{"line":20,"column":25},"end":{"line":20,"column":26}},"loc":{"start":{"line":20,"column":33},"end":{"line":20,"column":47}},"line":20},"4":{"name":"(anonymous_4)","decl":{"start":{"line":23,"column":2},"end":{"line":23,"column":3}},"loc":{"start":{"line":23,"column":43},"end":{"line":33,"column":3}},"line":23}},"branchMap":{},"s":{"0":3,"1":3,"2":3,"3":3,"4":3},"f":{"0":3,"1":3,"2":3,"3":3,"4":3},"b":{},"_coverageSchema":"1a1c01bbd47fc00a2c39e90264f33305004495a9","hash":"e6a5935f07c065c20bb76f2cb5eb7b10e453c185"}
,"C:\\Users\\Gustavo\\Desktop\\pokedex\\src\\infra\\repositories\\PokemonRepositoryImpl.ts": {"path":"C:\\Users\\Gustavo\\Desktop\\pokedex\\src\\infra\\repositories\\PokemonRepositoryImpl.ts","statementMap":{"0":{"start":{"line":19,"column":21},"end":{"line":24,"column":6}},"1":{"start":{"line":26,"column":4},"end":{"line":31,"column":5}},"2":{"start":{"line":27,"column":6},"end":{"line":29,"column":7}},"3":{"start":{"line":28,"column":8},"end":{"line":28,"column":37}},"4":{"start":{"line":30,"column":6},"end":{"line":30,"column":16}},"5":{"start":{"line":33,"column":4},"end":{"line":33,"column":32}},"6":{"start":{"line":37,"column":21},"end":{"line":40,"column":6}},"7":{"start":{"line":42,"column":4},"end":{"line":44,"column":5}},"8":{"start":{"line":43,"column":6},"end":{"line":43,"column":56}},"9":{"start":{"line":45,"column":4},"end":{"line":45,"column":69}},"10":{"start":{"line":45,"column":57},"end":{"line":45,"column":69}},"11":{"start":{"line":47,"column":4},"end":{"line":47,"column":32}}},"fnMap":{"0":{"name":"(anonymous_0)","decl":{"start":{"line":13,"column":2},"end":{"line":13,"column":3}},"loc":{"start":{"line":16,"column":4},"end":{"line":16,"column":6}},"line":16},"1":{"name":"(anonymous_1)","decl":{"start":{"line":18,"column":2},"end":{"line":18,"column":3}},"loc":{"start":{"line":18,"column":57},"end":{"line":34,"column":3}},"line":18},"2":{"name":"(anonymous_2)","decl":{"start":{"line":36,"column":2},"end":{"line":36,"column":3}},"loc":{"start":{"line":36,"column":62},"end":{"line":48,"column":3}},"line":36}},"branchMap":{"0":{"loc":{"start":{"line":26,"column":4},"end":{"line":31,"column":5}},"type":"if","locations":[{"start":{"line":26,"column":4},"end":{"line":31,"column":5}},{"start":{},"end":{}}],"line":26},"1":{"loc":{"start":{"line":27,"column":6},"end":{"line":29,"column":7}},"type":"if","locations":[{"start":{"line":27,"column":6},"end":{"line":29,"column":7}},{"start":{},"end":{}}],"line":27},"2":{"loc":{"start":{"line":27,"column":10},"end":{"line":27,"column":59}},"type":"binary-expr","locations":[{"start":{"line":27,"column":10},"end":{"line":27,"column":23}},{"start":{"line":27,"column":27},"end":{"line":27,"column":59}}],"line":27},"3":{"loc":{"start":{"line":42,"column":4},"end":{"line":44,"column":5}},"type":"if","locations":[{"start":{"line":42,"column":4},"end":{"line":44,"column":5}},{"start":{},"end":{}}],"line":42},"4":{"loc":{"start":{"line":42,"column":8},"end":{"line":42,"column":66}},"type":"binary-expr","locations":[{"start":{"line":42,"column":8},"end":{"line":42,"column":49}},{"start":{"line":42,"column":53},"end":{"line":42,"column":66}}],"line":42},"5":{"loc":{"start":{"line":45,"column":4},"end":{"line":45,"column":69}},"type":"if","locations":[{"start":{"line":45,"column":4},"end":{"line":45,"column":69}},{"start":{},"end":{}}],"line":45}},"s":{"0":3,"1":3,"2":2,"3":1,"4":1,"5":1,"6":3,"7":3,"8":1,"9":2,"10":1,"11":1},"f":{"0":12,"1":3,"2":3},"b":{"0":[2,1],"1":[1,1],"2":[2,2],"3":[1,2],"4":[3,1],"5":[1,1]},"_coverageSchema":"1a1c01bbd47fc00a2c39e90264f33305004495a9","hash":"a149dd2d689627e5efb2717c42dacee0cfd8de6c"}
,"C:\\Users\\Gustavo\\Desktop\\pokedex\\src\\main\\factories\\http\\AxiosHttpClientFactory.ts": {"path":"C:\\Users\\Gustavo\\Desktop\\pokedex\\src\\main\\factories\\http\\AxiosHttpClientFactory.ts","statementMap":{"0":{"start":{"line":3,"column":35},"end":{"line":5,"column":1}},"1":{"start":{"line":4,"column":2},"end":{"line":4,"column":31}}},"fnMap":{"0":{"name":"(anonymous_0)","decl":{"start":{"line":3,"column":35},"end":{"line":3,"column":36}},"loc":{"start":{"line":3,"column":41},"end":{"line":5,"column":1}},"line":3}},"branchMap":{},"s":{"0":5,"1":7},"f":{"0":7},"b":{},"_coverageSchema":"1a1c01bbd47fc00a2c39e90264f33305004495a9","hash":"e2ca42f102152a89ff1ad6622add930128b054f6"}
,"C:\\Users\\Gustavo\\Desktop\\pokedex\\src\\main\\factories\\pages\\PokemonsPageFactory.tsx": {"path":"C:\\Users\\Gustavo\\Desktop\\pokedex\\src\\main\\factories\\pages\\PokemonsPageFactory.tsx","statementMap":{"0":{"start":{"line":5,"column":32},"end":{"line":7,"column":1}},"1":{"start":{"line":6,"column":2},"end":{"line":6,"column":66}}},"fnMap":{"0":{"name":"(anonymous_0)","decl":{"start":{"line":5,"column":32},"end":{"line":5,"column":33}},"loc":{"start":{"line":5,"column":38},"end":{"line":7,"column":1}},"line":5}},"branchMap":{},"s":{"0":1,"1":1},"f":{"0":1},"b":{},"_coverageSchema":"1a1c01bbd47fc00a2c39e90264f33305004495a9","hash":"373b924fe30e3189f2fb06cb2a2dd80a840394b4"}
,"C:\\Users\\Gustavo\\Desktop\\pokedex\\src\\main\\factories\\repositories\\PokemonRepositoryFactory.ts": {"path":"C:\\Users\\Gustavo\\Desktop\\pokedex\\src\\main\\factories\\repositories\\PokemonRepositoryFactory.ts","statementMap":{"0":{"start":{"line":5,"column":37},"end":{"line":7,"column":1}},"1":{"start":{"line":6,"column":2},"end":{"line":6,"column":79}}},"fnMap":{"0":{"name":"(anonymous_0)","decl":{"start":{"line":5,"column":37},"end":{"line":5,"column":38}},"loc":{"start":{"line":5,"column":43},"end":{"line":7,"column":1}},"line":5}},"branchMap":{},"s":{"0":4,"1":6},"f":{"0":6},"b":{},"_coverageSchema":"1a1c01bbd47fc00a2c39e90264f33305004495a9","hash":"1b6792470ae8ac04193f6f7425e0447b066654b7"}
,"C:\\Users\\Gustavo\\Desktop\\pokedex\\src\\main\\factories\\usecases\\FetchPokemonsFactory.ts": {"path":"C:\\Users\\Gustavo\\Desktop\\pokedex\\src\\main\\factories\\usecases\\FetchPokemonsFactory.ts","statementMap":{"0":{"start":{"line":4,"column":33},"end":{"line":6,"column":1}},"1":{"start":{"line":5,"column":2},"end":{"line":5,"column":56}}},"fnMap":{"0":{"name":"(anonymous_0)","decl":{"start":{"line":4,"column":33},"end":{"line":4,"column":34}},"loc":{"start":{"line":4,"column":39},"end":{"line":6,"column":1}},"line":4}},"branchMap":{},"s":{"0":3,"1":3},"f":{"0":3},"b":{},"_coverageSchema":"1a1c01bbd47fc00a2c39e90264f33305004495a9","hash":"6ae3a99e335c9e993b8cda63213d142517bbfca8"}
,"C:\\Users\\Gustavo\\Desktop\\pokedex\\src\\main\\factories\\usecases\\SearchPokemonFactory.ts": {"path":"C:\\Users\\Gustavo\\Desktop\\pokedex\\src\\main\\factories\\usecases\\SearchPokemonFactory.ts","statementMap":{"0":{"start":{"line":4,"column":33},"end":{"line":6,"column":1}},"1":{"start":{"line":5,"column":2},"end":{"line":5,"column":56}}},"fnMap":{"0":{"name":"(anonymous_0)","decl":{"start":{"line":4,"column":33},"end":{"line":4,"column":34}},"loc":{"start":{"line":4,"column":39},"end":{"line":6,"column":1}},"line":4}},"branchMap":{},"s":{"0":3,"1":2},"f":{"0":2},"b":{},"_coverageSchema":"1a1c01bbd47fc00a2c39e90264f33305004495a9","hash":"b7c086029c5e4e707f418eb516e8f36f1c0c3aac"}
,"C:\\Users\\Gustavo\\Desktop\\pokedex\\src\\main\\factories\\viewModels\\PokemonsPageViewModelFactory.ts": {"path":"C:\\Users\\Gustavo\\Desktop\\pokedex\\src\\main\\factories\\viewModels\\PokemonsPageViewModelFactory.ts","statementMap":{"0":{"start":{"line":4,"column":41},"end":{"line":9,"column":1}},"1":{"start":{"line":5,"column":2},"end":{"line":8,"column":4}}},"fnMap":{"0":{"name":"(anonymous_0)","decl":{"start":{"line":4,"column":41},"end":{"line":4,"column":42}},"loc":{"start":{"line":4,"column":47},"end":{"line":9,"column":1}},"line":4}},"branchMap":{},"s":{"0":2,"1":2},"f":{"0":2},"b":{},"_coverageSchema":"1a1c01bbd47fc00a2c39e90264f33305004495a9","hash":"3fc9fc70c7d117d8441b2faabcd8e885229f30bd"}
,"C:\\Users\\Gustavo\\Desktop\\pokedex\\src\\main\\utils\\PokemonTypeEnum.ts": {"path":"C:\\Users\\Gustavo\\Desktop\\pokedex\\src\\main\\utils\\PokemonTypeEnum.ts","statementMap":{},"fnMap":{},"branchMap":{},"s":{},"f":{},"b":{},"_coverageSchema":"1a1c01bbd47fc00a2c39e90264f33305004495a9","hash":"c04fd856604e967f6f4674d2d9948273781955cc"}
,"C:\\Users\\Gustavo\\Desktop\\pokedex\\src\\presentation\\components\\searchBar\\SearchBar.tsx": {"path":"C:\\Users\\Gustavo\\Desktop\\pokedex\\src\\presentation\\components\\searchBar\\SearchBar.tsx","statementMap":{"0":{"start":{"line":15,"column":42},"end":{"line":36,"column":1}},"1":{"start":{"line":22,"column":2},"end":{"line":35,"column":4}}},"fnMap":{"0":{"name":"(anonymous_0)","decl":{"start":{"line":15,"column":42},"end":{"line":15,"column":43}},"loc":{"start":{"line":21,"column":6},"end":{"line":36,"column":1}},"line":21}},"branchMap":{"0":{"loc":{"start":{"line":19,"column":2},"end":{"line":19,"column":22}},"type":"default-arg","locations":[{"start":{"line":19,"column":17},"end":{"line":19,"column":22}}],"line":19},"1":{"loc":{"start":{"line":31,"column":7},"end":{"line":33,"column":7}},"type":"binary-expr","locations":[{"start":{"line":31,"column":7},"end":{"line":31,"column":19}},{"start":{"line":32,"column":8},"end":{"line":32,"column":66}}],"line":31}},"s":{"0":1,"1":0},"f":{"0":0},"b":{"0":[0],"1":[0,0]},"_coverageSchema":"1a1c01bbd47fc00a2c39e90264f33305004495a9","hash":"db3848eb1d773a1cae326ca425ec4cf1a01afbcd"}
,"C:\\Users\\Gustavo\\Desktop\\pokedex\\src\\presentation\\components\\searchBar\\Styles.ts": {"path":"C:\\Users\\Gustavo\\Desktop\\pokedex\\src\\presentation\\components\\searchBar\\Styles.ts","statementMap":{"0":{"start":{"line":3,"column":25},"end":{"line":10,"column":1}},"1":{"start":{"line":12,"column":31},"end":{"line":15,"column":1}}},"fnMap":{},"branchMap":{},"s":{"0":1,"1":1},"f":{},"b":{},"_coverageSchema":"1a1c01bbd47fc00a2c39e90264f33305004495a9","hash":"f356f277f8f1e6166b491ff8f551bffbbd14c994"}
,"C:\\Users\\Gustavo\\Desktop\\pokedex\\src\\presentation\\components\\typeIcon\\TypeIcon.tsx": {"path":"C:\\Users\\Gustavo\\Desktop\\pokedex\\src\\presentation\\components\\typeIcon\\TypeIcon.tsx","statementMap":{"0":{"start":{"line":31,"column":41},"end":{"line":93,"column":1}},"1":{"start":{"line":36,"column":18},"end":{"line":77,"column":3}},"2":{"start":{"line":37,"column":4},"end":{"line":76,"column":5}},"3":{"start":{"line":39,"column":8},"end":{"line":39,"column":58}},"4":{"start":{"line":41,"column":8},"end":{"line":41,"column":59}},"5":{"start":{"line":43,"column":8},"end":{"line":43,"column":61}},"6":{"start":{"line":45,"column":8},"end":{"line":45,"column":63}},"7":{"start":{"line":47,"column":8},"end":{"line":47,"column":60}},"8":{"start":{"line":49,"column":8},"end":{"line":49,"column":63}},"9":{"start":{"line":51,"column":8},"end":{"line":51,"column":59}},"10":{"start":{"line":53,"column":8},"end":{"line":53,"column":61}},"11":{"start":{"line":55,"column":8},"end":{"line":55,"column":60}},"12":{"start":{"line":57,"column":8},"end":{"line":57,"column":60}},"13":{"start":{"line":59,"column":8},"end":{"line":59,"column":61}},"14":{"start":{"line":61,"column":8},"end":{"line":61,"column":58}},"15":{"start":{"line":63,"column":8},"end":{"line":63,"column":61}},"16":{"start":{"line":65,"column":8},"end":{"line":65,"column":61}},"17":{"start":{"line":67,"column":8},"end":{"line":67,"column":62}},"18":{"start":{"line":69,"column":8},"end":{"line":69,"column":59}},"19":{"start":{"line":71,"column":8},"end":{"line":71,"column":60}},"20":{"start":{"line":73,"column":8},"end":{"line":73,"column":60}},"21":{"start":{"line":75,"column":8},"end":{"line":75,"column":20}},"22":{"start":{"line":79,"column":2},"end":{"line":92,"column":4}}},"fnMap":{"0":{"name":"(anonymous_0)","decl":{"start":{"line":31,"column":41},"end":{"line":31,"column":42}},"loc":{"start":{"line":35,"column":6},"end":{"line":93,"column":1}},"line":35},"1":{"name":"(anonymous_1)","decl":{"start":{"line":36,"column":18},"end":{"line":36,"column":19}},"loc":{"start":{"line":36,"column":24},"end":{"line":77,"column":3}},"line":36}},"branchMap":{"0":{"loc":{"start":{"line":33,"column":2},"end":{"line":33,"column":14}},"type":"default-arg","locations":[{"start":{"line":33,"column":13},"end":{"line":33,"column":14}}],"line":33},"1":{"loc":{"start":{"line":34,"column":2},"end":{"line":34,"column":20}},"type":"default-arg","locations":[{"start":{"line":34,"column":18},"end":{"line":34,"column":20}}],"line":34},"2":{"loc":{"start":{"line":37,"column":4},"end":{"line":76,"column":5}},"type":"switch","locations":[{"start":{"line":38,"column":6},"end":{"line":39,"column":58}},{"start":{"line":40,"column":6},"end":{"line":41,"column":59}},{"start":{"line":42,"column":6},"end":{"line":43,"column":61}},{"start":{"line":44,"column":6},"end":{"line":45,"column":63}},{"start":{"line":46,"column":6},"end":{"line":47,"column":60}},{"start":{"line":48,"column":6},"end":{"line":49,"column":63}},{"start":{"line":50,"column":6},"end":{"line":51,"column":59}},{"start":{"line":52,"column":6},"end":{"line":53,"column":61}},{"start":{"line":54,"column":6},"end":{"line":55,"column":60}},{"start":{"line":56,"column":6},"end":{"line":57,"column":60}},{"start":{"line":58,"column":6},"end":{"line":59,"column":61}},{"start":{"line":60,"column":6},"end":{"line":61,"column":58}},{"start":{"line":62,"column":6},"end":{"line":63,"column":61}},{"start":{"line":64,"column":6},"end":{"line":65,"column":61}},{"start":{"line":66,"column":6},"end":{"line":67,"column":62}},{"start":{"line":68,"column":6},"end":{"line":69,"column":59}},{"start":{"line":70,"column":6},"end":{"line":71,"column":60}},{"start":{"line":72,"column":6},"end":{"line":73,"column":60}},{"start":{"line":74,"column":6},"end":{"line":75,"column":20}}],"line":37}},"s":{"0":1,"1":0,"2":0,"3":0,"4":0,"5":0,"6":0,"7":0,"8":0,"9":0,"10":0,"11":0,"12":0,"13":0,"14":0,"15":0,"16":0,"17":0,"18":0,"19":0,"20":0,"21":0,"22":0},"f":{"0":0,"1":0},"b":{"0":[0],"1":[0],"2":[0,0,0,0,0,0,0,0,0,0,0,0,0,0,0,0,0,0,0]},"_coverageSchema":"1a1c01bbd47fc00a2c39e90264f33305004495a9","hash":"066e2f00de16741e0b7eae93bd286e1531594db7"}
,"C:\\Users\\Gustavo\\Desktop\\pokedex\\src\\presentation\\pages\\pokemonsPage\\PokemonsPage.tsx": {"path":"C:\\Users\\Gustavo\\Desktop\\pokedex\\src\\presentation\\pages\\pokemonsPage\\PokemonsPage.tsx","statementMap":{"0":{"start":{"line":20,"column":38},"end":{"line":89,"column":1}},"1":{"start":{"line":30,"column":6},"end":{"line":30,"column":30}},"2":{"start":{"line":32,"column":2},"end":{"line":34,"column":9}},"3":{"start":{"line":33,"column":4},"end":{"line":33,"column":20}},"4":{"start":{"line":36,"column":23},"end":{"line":43,"column":3}},"5":{"start":{"line":37,"column":4},"end":{"line":37,"column":30}},"6":{"start":{"line":37,"column":18},"end":{"line":37,"column":30}},"7":{"start":{"line":38,"column":4},"end":{"line":42,"column":6}},"8":{"start":{"line":45,"column":46},"end":{"line":47,"column":3}},"9":{"start":{"line":46,"column":4},"end":{"line":46,"column":42}},"10":{"start":{"line":50,"column":4},"end":{"line":50,"column":66}},"11":{"start":{"line":52,"column":2},"end":{"line":88,"column":4}},"12":{"start":{"line":73,"column":32},"end":{"line":73,"column":50}}},"fnMap":{"0":{"name":"(anonymous_0)","decl":{"start":{"line":20,"column":38},"end":{"line":20,"column":39}},"loc":{"start":{"line":20,"column":57},"end":{"line":89,"column":1}},"line":20},"1":{"name":"(anonymous_1)","decl":{"start":{"line":32,"column":12},"end":{"line":32,"column":13}},"loc":{"start":{"line":32,"column":18},"end":{"line":34,"column":3}},"line":32},"2":{"name":"(anonymous_2)","decl":{"start":{"line":36,"column":23},"end":{"line":36,"column":24}},"loc":{"start":{"line":36,"column":29},"end":{"line":43,"column":3}},"line":36},"3":{"name":"(anonymous_3)","decl":{"start":{"line":45,"column":46},"end":{"line":45,"column":47}},"loc":{"start":{"line":45,"column":60},"end":{"line":47,"column":3}},"line":45},"4":{"name":"(anonymous_4)","decl":{"start":{"line":73,"column":24},"end":{"line":73,"column":25}},"loc":{"start":{"line":73,"column":32},"end":{"line":73,"column":50}},"line":73}},"branchMap":{"0":{"loc":{"start":{"line":37,"column":4},"end":{"line":37,"column":30}},"type":"if","locations":[{"start":{"line":37,"column":4},"end":{"line":37,"column":30}},{"start":{},"end":{}}],"line":37},"1":{"loc":{"start":{"line":50,"column":4},"end":{"line":50,"column":66}},"type":"binary-expr","locations":[{"start":{"line":50,"column":5},"end":{"line":50,"column":16}},{"start":{"line":50,"column":20},"end":{"line":50,"column":27}},{"start":{"line":50,"column":33},"end":{"line":50,"column":54}},{"start":{"line":50,"column":58},"end":{"line":50,"column":65}}],"line":50},"2":{"loc":{"start":{"line":62,"column":7},"end":{"line":76,"column":7}},"type":"binary-expr","locations":[{"start":{"line":62,"column":7},"end":{"line":62,"column":26}},{"start":{"line":62,"column":30},"end":{"line":62,"column":42}},{"start":{"line":63,"column":8},"end":{"line":75,"column":10}}],"line":62},"3":{"loc":{"start":{"line":78,"column":7},"end":{"line":80,"column":7}},"type":"binary-expr","locations":[{"start":{"line":78,"column":7},"end":{"line":78,"column":22}},{"start":{"line":79,"column":8},"end":{"line":79,"column":68}}],"line":78},"4":{"loc":{"start":{"line":82,"column":7},"end":{"line":84,"column":7}},"type":"binary-expr","locations":[{"start":{"line":82,"column":7},"end":{"line":82,"column":18}},{"start":{"line":82,"column":22},"end":{"line":82,"column":34}},{"start":{"line":83,"column":8},"end":{"line":83,"column":51}}],"line":82},"5":{"loc":{"start":{"line":86,"column":7},"end":{"line":86,"column":69}},"type":"binary-expr","locations":[{"start":{"line":86,"column":7},"end":{"line":86,"column":18}},{"start":{"line":86,"column":22},"end":{"line":86,"column":35}},{"start":{"line":86,"column":39},"end":{"line":86,"column":47}},{"start":{"line":86,"column":51},"end":{"line":86,"column":69}}],"line":86}},"s":{"0":1,"1":0,"2":0,"3":0,"4":0,"5":0,"6":0,"7":0,"8":0,"9":0,"10":0,"11":0,"12":0},"f":{"0":0,"1":0,"2":0,"3":0,"4":0},"b":{"0":[0,0],"1":[0,0,0,0],"2":[0,0,0],"3":[0,0],"4":[0,0,0],"5":[0,0,0,0]},"_coverageSchema":"1a1c01bbd47fc00a2c39e90264f33305004495a9","hash":"64176beb61eab8d4332a52a740e51b5304713778"}
,"C:\\Users\\Gustavo\\Desktop\\pokedex\\src\\presentation\\pages\\pokemonsPage\\PokemonsPageViewModelImpl.ts": {"path":"C:\\Users\\Gustavo\\Desktop\\pokedex\\src\\presentation\\pages\\pokemonsPage\\PokemonsPageViewModelImpl.ts","statementMap":{"0":{"start":{"line":18,"column":36},"end":{"line":18,"column":59}},"1":{"start":{"line":19,"column":34},"end":{"line":19,"column":49}},"2":{"start":{"line":20,"column":42},"end":{"line":20,"column":57}},"3":{"start":{"line":21,"column":25},"end":{"line":21,"column":53}},"4":{"start":{"line":22,"column":27},"end":{"line":22,"column":57}},"5":{"start":{"line":24,"column":21},"end":{"line":24,"column":54}},"6":{"start":{"line":26,"column":28},"end":{"line":32,"column":5}},"7":{"start":{"line":27,"column":6},"end":{"line":31,"column":7}},"8":{"start":{"line":28,"column":8},"end":{"line":28,"column":38}},"9":{"start":{"line":30,"column":8},"end":{"line":30,"column":61}},"10":{"start":{"line":34,"column":26},"end":{"line":44,"column":5}},"11":{"start":{"line":35,"column":6},"end":{"line":35,"column":23}},"12":{"start":{"line":36,"column":6},"end":{"line":43,"column":42}},"13":{"start":{"line":39,"column":30},"end":{"line":39,"column":63}},"14":{"start":{"line":40,"column":10},"end":{"line":40,"column":35}},"15":{"start":{"line":43,"column":23},"end":{"line":43,"column":40}},"16":{"start":{"line":46,"column":35},"end":{"line":69,"column":5}},"17":{"start":{"line":47,"column":6},"end":{"line":47,"column":55}},"18":{"start":{"line":48,"column":6},"end":{"line":50,"column":7}},"19":{"start":{"line":49,"column":8},"end":{"line":49,"column":40}},"20":{"start":{"line":51,"column":6},"end":{"line":54,"column":7}},"21":{"start":{"line":52,"column":8},"end":{"line":52,"column":47}},"22":{"start":{"line":52,"column":25},"end":{"line":52,"column":47}},"23":{"start":{"line":53,"column":8},"end":{"line":53,"column":15}},"24":{"start":{"line":56,"column":6},"end":{"line":68,"column":14}},"25":{"start":{"line":57,"column":8},"end":{"line":57,"column":62}},"26":{"start":{"line":57,"column":34},"end":{"line":57,"column":62}},"27":{"start":{"line":58,"column":8},"end":{"line":58,"column":47}},"28":{"start":{"line":58,"column":26},"end":{"line":58,"column":47}},"29":{"start":{"line":59,"column":8},"end":{"line":59,"column":25}},"30":{"start":{"line":60,"column":8},"end":{"line":66,"column":44}},"31":{"start":{"line":63,"column":12},"end":{"line":63,"column":58}},"32":{"start":{"line":63,"column":26},"end":{"line":63,"column":58}},"33":{"start":{"line":66,"column":25},"end":{"line":66,"column":42}},"34":{"start":{"line":67,"column":8},"end":{"line":67,"column":32}},"35":{"start":{"line":71,"column":30},"end":{"line":78,"column":5}},"36":{"start":{"line":72,"column":6},"end":{"line":72,"column":34}},"37":{"start":{"line":73,"column":6},"end":{"line":73,"column":38}},"38":{"start":{"line":74,"column":6},"end":{"line":76,"column":7}},"39":{"start":{"line":75,"column":8},"end":{"line":75,"column":40}},"40":{"start":{"line":77,"column":6},"end":{"line":77,"column":28}},"41":{"start":{"line":80,"column":4},"end":{"line":89,"column":6}}},"fnMap":{"0":{"name":"(anonymous_0)","decl":{"start":{"line":12,"column":2},"end":{"line":12,"column":3}},"loc":{"start":{"line":15,"column":4},"end":{"line":15,"column":6}},"line":15},"1":{"name":"(anonymous_1)","decl":{"start":{"line":17,"column":2},"end":{"line":17,"column":3}},"loc":{"start":{"line":17,"column":17},"end":{"line":90,"column":3}},"line":17},"2":{"name":"(anonymous_2)","decl":{"start":{"line":26,"column":28},"end":{"line":26,"column":29}},"loc":{"start":{"line":26,"column":48},"end":{"line":32,"column":5}},"line":26},"3":{"name":"(anonymous_3)","decl":{"start":{"line":34,"column":26},"end":{"line":34,"column":27}},"loc":{"start":{"line":34,"column":38},"end":{"line":44,"column":5}},"line":34},"4":{"name":"(anonymous_4)","decl":{"start":{"line":38,"column":14},"end":{"line":38,"column":15}},"loc":{"start":{"line":38,"column":34},"end":{"line":41,"column":9}},"line":38},"5":{"name":"(anonymous_5)","decl":{"start":{"line":43,"column":17},"end":{"line":43,"column":18}},"loc":{"start":{"line":43,"column":23},"end":{"line":43,"column":40}},"line":43},"6":{"name":"(anonymous_6)","decl":{"start":{"line":46,"column":35},"end":{"line":46,"column":36}},"loc":{"start":{"line":46,"column":53},"end":{"line":69,"column":5}},"line":46},"7":{"name":"(anonymous_7)","decl":{"start":{"line":56,"column":36},"end":{"line":56,"column":37}},"loc":{"start":{"line":56,"column":42},"end":{"line":68,"column":7}},"line":56},"8":{"name":"(anonymous_8)","decl":{"start":{"line":62,"column":16},"end":{"line":62,"column":17}},"loc":{"start":{"line":62,"column":28},"end":{"line":64,"column":11}},"line":62},"9":{"name":"(anonymous_9)","decl":{"start":{"line":66,"column":19},"end":{"line":66,"column":20}},"loc":{"start":{"line":66,"column":25},"end":{"line":66,"column":42}},"line":66},"10":{"name":"(anonymous_10)","decl":{"start":{"line":71,"column":30},"end":{"line":71,"column":31}},"loc":{"start":{"line":71,"column":36},"end":{"line":78,"column":5}},"line":71}},"branchMap":{"0":{"loc":{"start":{"line":27,"column":6},"end":{"line":31,"column":7}},"type":"if","locations":[{"start":{"line":27,"column":6},"end":{"line":31,"column":7}},{"start":{"line":29,"column":13},"end":{"line":31,"column":7}}],"line":27},"1":{"loc":{"start":{"line":48,"column":6},"end":{"line":50,"column":7}},"type":"if","locations":[{"start":{"line":48,"column":6},"end":{"line":50,"column":7}},{"start":{},"end":{}}],"line":48},"2":{"loc":{"start":{"line":51,"column":6},"end":{"line":54,"column":7}},"type":"if","locations":[{"start":{"line":51,"column":6},"end":{"line":54,"column":7}},{"start":{},"end":{}}],"line":51},"3":{"loc":{"start":{"line":51,"column":10},"end":{"line":51,"column":35}},"type":"binary-expr","locations":[{"start":{"line":51,"column":10},"end":{"line":51,"column":15}},{"start":{"line":51,"column":19},"end":{"line":51,"column":35}}],"line":51},"4":{"loc":{"start":{"line":52,"column":8},"end":{"line":52,"column":47}},"type":"if","locations":[{"start":{"line":52,"column":8},"end":{"line":52,"column":47}},{"start":{},"end":{}}],"line":52},"5":{"loc":{"start":{"line":57,"column":8},"end":{"line":57,"column":62}},"type":"if","locations":[{"start":{"line":57,"column":8},"end":{"line":57,"column":62}},{"start":{},"end":{}}],"line":57},"6":{"loc":{"start":{"line":58,"column":8},"end":{"line":58,"column":47}},"type":"if","locations":[{"start":{"line":58,"column":8},"end":{"line":58,"column":47}},{"start":{},"end":{}}],"line":58},"7":{"loc":{"start":{"line":63,"column":12},"end":{"line":63,"column":58}},"type":"if","locations":[{"start":{"line":63,"column":12},"end":{"line":63,"column":58}},{"start":{},"end":{}}],"line":63},"8":{"loc":{"start":{"line":74,"column":6},"end":{"line":76,"column":7}},"type":"if","locations":[{"start":{"line":74,"column":6},"end":{"line":76,"column":7}},{"start":{},"end":{}}],"line":74}},"s":{"0":8,"1":8,"2":8,"3":8,"4":8,"5":8,"6":8,"7":1,"8":1,"9":0,"10":8,"11":2,"12":2,"13":1,"14":1,"15":2,"16":8,"17":0,"18":0,"19":0,"20":0,"21":0,"22":0,"23":0,"24":0,"25":0,"26":0,"27":0,"28":0,"29":0,"30":0,"31":0,"32":0,"33":0,"34":0,"35":8,"36":0,"37":0,"38":0,"39":0,"40":0,"41":8},"f":{"0":5,"1":8,"2":1,"3":2,"4":1,"5":2,"6":0,"7":0,"8":0,"9":0,"10":0},"b":{"0":[1,0],"1":[0,0],"2":[0,0],"3":[0,0],"4":[0,0],"5":[0,0],"6":[0,0],"7":[0,0],"8":[0,0]},"_coverageSchema":"1a1c01bbd47fc00a2c39e90264f33305004495a9","hash":"fa62afd439f8e5a5c3fe4e8d0ce5d0ec87a87711"}
,"C:\\Users\\Gustavo\\Desktop\\pokedex\\src\\presentation\\pages\\pokemonsPage\\Styles.ts": {"path":"C:\\Users\\Gustavo\\Desktop\\pokedex\\src\\presentation\\pages\\pokemonsPage\\Styles.ts","statementMap":{"0":{"start":{"line":3,"column":25},"end":{"line":5,"column":1}},"1":{"start":{"line":7,"column":25},"end":{"line":12,"column":1}}},"fnMap":{},"branchMap":{},"s":{"0":1,"1":1},"f":{},"b":{},"_coverageSchema":"1a1c01bbd47fc00a2c39e90264f33305004495a9","hash":"899256edbed0ceba75ac98bdb4ab0fbc29ff17dd"}
,"C:\\Users\\Gustavo\\Desktop\\pokedex\\src\\presentation\\pages\\pokemonsPage\\components\\index.tsx": {"path":"C:\\Users\\Gustavo\\Desktop\\pokedex\\src\\presentation\\pages\\pokemonsPage\\components\\index.tsx","statementMap":{},"fnMap":{},"branchMap":{},"s":{},"f":{},"b":{},"_coverageSchema":"1a1c01bbd47fc00a2c39e90264f33305004495a9","hash":"51fa388be0b4b5b6d6ac0b242272da51164608d6"}
,"C:\\Users\\Gustavo\\Desktop\\pokedex\\src\\presentation\\pages\\pokemonsPage\\components\\largePokemonCard\\LargePokemonCard.tsx": {"path":"C:\\Users\\Gustavo\\Desktop\\pokedex\\src\\presentation\\pages\\pokemonsPage\\components\\largePokemonCard\\LargePokemonCard.tsx","statementMap":{"0":{"start":{"line":21,"column":49},"end":{"line":48,"column":1}},"1":{"start":{"line":22,"column":2},"end":{"line":47,"column":4}},"2":{"start":{"line":41,"column":8},"end":{"line":44,"column":26}}},"fnMap":{"0":{"name":"(anonymous_0)","decl":{"start":{"line":21,"column":49},"end":{"line":21,"column":50}},"loc":{"start":{"line":21,"column":66},"end":{"line":48,"column":1}},"line":21},"1":{"name":"(anonymous_1)","decl":{"start":{"line":40,"column":25},"end":{"line":40,"column":26}},"loc":{"start":{"line":41,"column":8},"end":{"line":44,"column":26}},"line":41}},"branchMap":{},"s":{"0":1,"1":0,"2":0},"f":{"0":0,"1":0},"b":{},"_coverageSchema":"1a1c01bbd47fc00a2c39e90264f33305004495a9","hash":"d1c1c6eef0a902a79e11aa63825ef236f915e8b6"}
,"C:\\Users\\Gustavo\\Desktop\\pokedex\\src\\presentation\\pages\\pokemonsPage\\components\\largePokemonCard\\Styles.ts": {"path":"C:\\Users\\Gustavo\\Desktop\\pokedex\\src\\presentation\\pages\\pokemonsPage\\components\\largePokemonCard\\Styles.ts","statementMap":{"0":{"start":{"line":3,"column":29},"end":{"line":12,"column":1}},"1":{"start":{"line":4,"column":37},"end":{"line":4,"column":42}},"2":{"start":{"line":14,"column":27},"end":{"line":19,"column":1}},"3":{"start":{"line":21,"column":23},"end":{"line":24,"column":1}},"4":{"start":{"line":26,"column":25},"end":{"line":30,"column":1}},"5":{"start":{"line":32,"column":31},"end":{"line":42,"column":1}},"6":{"start":{"line":44,"column":24},"end":{"line":49,"column":1}}},"fnMap":{"0":{"name":"(anonymous_0)","decl":{"start":{"line":4,"column":22},"end":{"line":4,"column":23}},"loc":{"start":{"line":4,"column":37},"end":{"line":4,"column":42}},"line":4}},"branchMap":{},"s":{"0":1,"1":0,"2":1,"3":1,"4":1,"5":1,"6":1},"f":{"0":0},"b":{},"_coverageSchema":"1a1c01bbd47fc00a2c39e90264f33305004495a9","hash":"cdef66fa2158818c8cfe04ba00fc454074d639ef"}
,"C:\\Users\\Gustavo\\Desktop\\pokedex\\src\\presentation\\pages\\pokemonsPage\\components\\noPokemonFound\\NoPokemonFound.tsx": {"path":"C:\\Users\\Gustavo\\Desktop\\pokedex\\src\\presentation\\pages\\pokemonsPage\\components\\noPokemonFound\\NoPokemonFound.tsx","statementMap":{"0":{"start":{"line":7,"column":40},"end":{"line":19,"column":1}},"1":{"start":{"line":8,"column":2},"end":{"line":18,"column":4}}},"fnMap":{"0":{"name":"(anonymous_0)","decl":{"start":{"line":7,"column":40},"end":{"line":7,"column":41}},"loc":{"start":{"line":7,"column":46},"end":{"line":19,"column":1}},"line":7}},"branchMap":{},"s":{"0":1,"1":0},"f":{"0":0},"b":{},"_coverageSchema":"1a1c01bbd47fc00a2c39e90264f33305004495a9","hash":"c63380b577d394d038948914ec1366068e310f0e"}
,"C:\\Users\\Gustavo\\Desktop\\pokedex\\src\\presentation\\pages\\pokemonsPage\\components\\noPokemonFound\\Styles.ts": {"path":"C:\\Users\\Gustavo\\Desktop\\pokedex\\src\\presentation\\pages\\pokemonsPage\\components\\noPokemonFound\\Styles.ts","statementMap":{"0":{"start":{"line":3,"column":25},"end":{"line":12,"column":1}},"1":{"start":{"line":14,"column":21},"end":{"line":16,"column":1}},"2":{"start":{"line":18,"column":20},"end":{"line":22,"column":1}},"3":{"start":{"line":24,"column":19},"end":{"line":29,"column":1}}},"fnMap":{},"branchMap":{},"s":{"0":1,"1":1,"2":1,"3":1},"f":{},"b":{},"_coverageSchema":"1a1c01bbd47fc00a2c39e90264f33305004495a9","hash":"82eed5242792271242714682385abb88d1d467f3"}
,"C:\\Users\\Gustavo\\Desktop\\pokedex\\src\\presentation\\pages\\pokemonsPage\\components\\pokemonCard\\PokemonCard.tsx": {"path":"C:\\Users\\Gustavo\\Desktop\\pokedex\\src\\presentation\\pages\\pokemonsPage\\components\\pokemonCard\\PokemonCard.tsx","statementMap":{"0":{"start":{"line":23,"column":44},"end":{"line":50,"column":1}},"1":{"start":{"line":24,"column":2},"end":{"line":49,"column":4}},"2":{"start":{"line":43,"column":8},"end":{"line":46,"column":26}}},"fnMap":{"0":{"name":"(anonymous_0)","decl":{"start":{"line":23,"column":44},"end":{"line":23,"column":45}},"loc":{"start":{"line":23,"column":61},"end":{"line":50,"column":1}},"line":23},"1":{"name":"(anonymous_1)","decl":{"start":{"line":42,"column":25},"end":{"line":42,"column":26}},"loc":{"start":{"line":43,"column":8},"end":{"line":46,"column":26}},"line":43}},"branchMap":{},"s":{"0":1,"1":0,"2":0},"f":{"0":0,"1":0},"b":{},"_coverageSchema":"1a1c01bbd47fc00a2c39e90264f33305004495a9","hash":"81cf864823d2925de4edd8894129b4252a2dec74"}
,"C:\\Users\\Gustavo\\Desktop\\pokedex\\src\\presentation\\pages\\pokemonsPage\\components\\pokemonCard\\Styles.ts": {"path":"C:\\Users\\Gustavo\\Desktop\\pokedex\\src\\presentation\\pages\\pokemonsPage\\components\\pokemonCard\\Styles.ts","statementMap":{"0":{"start":{"line":3,"column":29},"end":{"line":11,"column":1}},"1":{"start":{"line":4,"column":37},"end":{"line":4,"column":42}},"2":{"start":{"line":13,"column":27},"end":{"line":18,"column":1}},"3":{"start":{"line":20,"column":23},"end":{"line":24,"column":1}},"4":{"start":{"line":26,"column":25},"end":{"line":29,"column":1}},"5":{"start":{"line":31,"column":31},"end":{"line":41,"column":1}},"6":{"start":{"line":43,"column":24},"end":{"line":48,"column":1}}},"fnMap":{"0":{"name":"(anonymous_0)","decl":{"start":{"line":4,"column":22},"end":{"line":4,"column":23}},"loc":{"start":{"line":4,"column":37},"end":{"line":4,"column":42}},"line":4}},"branchMap":{},"s":{"0":1,"1":0,"2":1,"3":1,"4":1,"5":1,"6":1},"f":{"0":0},"b":{},"_coverageSchema":"1a1c01bbd47fc00a2c39e90264f33305004495a9","hash":"ed2344f540ffc2e5835f3e713d5bde3283b06860"}
,"C:\\Users\\Gustavo\\Desktop\\pokedex\\src\\presentation\\viewModel\\PokemonsPageViewModel.ts": {"path":"C:\\Users\\Gustavo\\Desktop\\pokedex\\src\\presentation\\viewModel\\PokemonsPageViewModel.ts","statementMap":{},"fnMap":{},"branchMap":{},"s":{},"f":{},"b":{}}
}
