{"C:\\Users\\Gustavo\\Desktop\\pokedex\\src\\App.tsx": {"path":"C:\\Users\\Gustavo\\Desktop\\pokedex\\src\\App.tsx","statementMap":{"0":{"start":{"line":8,"column":15},"end":{"line":15,"column":2}},"1":{"start":{"line":16,"column":22},"end":{"line":24,"column":1}},"2":{"start":{"line":17,"column":2},"end":{"line":17,"column":28}},"3":{"start":{"line":18,"column":2},"end":{"line":23,"column":4}}},"fnMap":{"0":{"name":"(anonymous_0)","decl":{"start":{"line":16,"column":22},"end":{"line":16,"column":23}},"loc":{"start":{"line":16,"column":28},"end":{"line":24,"column":1}},"line":16}},"branchMap":{},"s":{"0":0,"1":0,"2":0,"3":0},"f":{"0":0},"b":{}}
,"C:\\Users\\Gustavo\\Desktop\\pokedex\\src\\data\\models\\PokemonResponse.ts": {"path":"C:\\Users\\Gustavo\\Desktop\\pokedex\\src\\data\\models\\PokemonResponse.ts","statementMap":{},"fnMap":{},"branchMap":{},"s":{},"f":{},"b":{}}
,"C:\\Users\\Gustavo\\Desktop\\pokedex\\src\\data\\models\\PokemonsResponse.ts": {"path":"C:\\Users\\Gustavo\\Desktop\\pokedex\\src\\data\\models\\PokemonsResponse.ts","statementMap":{},"fnMap":{},"branchMap":{},"s":{},"f":{},"b":{}}
,"C:\\Users\\Gustavo\\Desktop\\pokedex\\src\\data\\protocols\\http\\HttpClient.ts": {"path":"C:\\Users\\Gustavo\\Desktop\\pokedex\\src\\data\\protocols\\http\\HttpClient.ts","statementMap":{},"fnMap":{},"branchMap":{},"s":{},"f":{},"b":{},"_coverageSchema":"1a1c01bbd47fc00a2c39e90264f33305004495a9","hash":"2e116bc8894e92f2c1c34b76cd26899446e169af"}
,"C:\\Users\\Gustavo\\Desktop\\pokedex\\src\\data\\protocols\\repository\\PokemonRepository.ts": {"path":"C:\\Users\\Gustavo\\Desktop\\pokedex\\src\\data\\protocols\\repository\\PokemonRepository.ts","statementMap":{},"fnMap":{},"branchMap":{},"s":{},"f":{},"b":{}}
,"C:\\Users\\Gustavo\\Desktop\\pokedex\\src\\data\\protocols\\viewModel\\PokemonsPageViewModel.ts": {"path":"C:\\Users\\Gustavo\\Desktop\\pokedex\\src\\data\\protocols\\viewModel\\PokemonsPageViewModel.ts","statementMap":{},"fnMap":{},"branchMap":{},"s":{},"f":{},"b":{}}
,"C:\\Users\\Gustavo\\Desktop\\pokedex\\src\\data\\usecases\\FetchPokemonsImpl.ts": {"path":"C:\\Users\\Gustavo\\Desktop\\pokedex\\src\\data\\usecases\\FetchPokemonsImpl.ts","statementMap":{"0":{"start":{"line":9,"column":62},"end":{"line":9,"column":64}},"1":{"start":{"line":11,"column":28},"end":{"line":11,"column":55}},"2":{"start":{"line":13,"column":4},"end":{"line":15,"column":7}},"3":{"start":{"line":14,"column":6},"end":{"line":14,"column":72}},"4":{"start":{"line":17,"column":4},"end":{"line":17,"column":40}}},"fnMap":{"0":{"name":"(anonymous_0)","decl":{"start":{"line":6,"column":2},"end":{"line":6,"column":3}},"loc":{"start":{"line":6,"column":62},"end":{"line":6,"column":64}},"line":6},"1":{"name":"(anonymous_1)","decl":{"start":{"line":8,"column":2},"end":{"line":8,"column":3}},"loc":{"start":{"line":8,"column":47},"end":{"line":18,"column":3}},"line":8},"2":{"name":"(anonymous_2)","decl":{"start":{"line":13,"column":28},"end":{"line":13,"column":29}},"loc":{"start":{"line":13,"column":46},"end":{"line":15,"column":5}},"line":13}},"branchMap":{},"s":{"0":1,"1":1,"2":1,"3":3,"4":1},"f":{"0":4,"1":1,"2":3},"b":{},"_coverageSchema":"1a1c01bbd47fc00a2c39e90264f33305004495a9","hash":"ef9eb35cc1db5df1d940417552935c056f82812a"}
,"C:\\Users\\Gustavo\\Desktop\\pokedex\\src\\domain\\entities\\Pokemon.ts": {"path":"C:\\Users\\Gustavo\\Desktop\\pokedex\\src\\domain\\entities\\Pokemon.ts","statementMap":{},"fnMap":{},"branchMap":{},"s":{},"f":{},"b":{}}
,"C:\\Users\\Gustavo\\Desktop\\pokedex\\src\\domain\\errors\\DataSourceError.ts": {"path":"C:\\Users\\Gustavo\\Desktop\\pokedex\\src\\domain\\errors\\DataSourceError.ts","statementMap":{"0":{"start":{"line":3,"column":4},"end":{"line":3,"column":62}},"1":{"start":{"line":4,"column":4},"end":{"line":4,"column":34}}},"fnMap":{"0":{"name":"(anonymous_0)","decl":{"start":{"line":2,"column":2},"end":{"line":2,"column":3}},"loc":{"start":{"line":2,"column":16},"end":{"line":5,"column":3}},"line":2}},"branchMap":{},"s":{"0":2,"1":2},"f":{"0":2},"b":{},"_coverageSchema":"1a1c01bbd47fc00a2c39e90264f33305004495a9","hash":"0f7bd634132b9f5f29e199000e98c98c3cf753f2"}
,"C:\\Users\\Gustavo\\Desktop\\pokedex\\src\\domain\\errors\\UnexpectedError.ts": {"path":"C:\\Users\\Gustavo\\Desktop\\pokedex\\src\\domain\\errors\\UnexpectedError.ts","statementMap":{"0":{"start":{"line":3,"column":4},"end":{"line":3,"column":56}},"1":{"start":{"line":4,"column":4},"end":{"line":4,"column":34}}},"fnMap":{"0":{"name":"(anonymous_0)","decl":{"start":{"line":2,"column":2},"end":{"line":2,"column":3}},"loc":{"start":{"line":2,"column":16},"end":{"line":5,"column":3}},"line":2}},"branchMap":{},"s":{"0":0,"1":0},"f":{"0":0},"b":{}}
,"C:\\Users\\Gustavo\\Desktop\\pokedex\\src\\domain\\usecases\\FetchPokemons.ts": {"path":"C:\\Users\\Gustavo\\Desktop\\pokedex\\src\\domain\\usecases\\FetchPokemons.ts","statementMap":{},"fnMap":{},"branchMap":{},"s":{},"f":{},"b":{}}
,"C:\\Users\\Gustavo\\Desktop\\pokedex\\src\\infra\\http\\AxiosHttpClient.ts": {"path":"C:\\Users\\Gustavo\\Desktop\\pokedex\\src\\infra\\http\\AxiosHttpClient.ts","statementMap":{"0":{"start":{"line":6,"column":4},"end":{"line":32,"column":9}},"1":{"start":{"line":14,"column":8},"end":{"line":17,"column":10}},"2":{"start":{"line":20,"column":44},"end":{"line":20,"column":73}},"3":{"start":{"line":21,"column":8},"end":{"line":26,"column":9}},"4":{"start":{"line":22,"column":10},"end":{"line":22,"column":59}},"5":{"start":{"line":23,"column":10},"end":{"line":23,"column":51}},"6":{"start":{"line":24,"column":15},"end":{"line":26,"column":9}},"7":{"start":{"line":25,"column":10},"end":{"line":25,"column":54}},"8":{"start":{"line":28,"column":8},"end":{"line":31,"column":10}}},"fnMap":{"0":{"name":"(anonymous_0)","decl":{"start":{"line":5,"column":2},"end":{"line":5,"column":3}},"loc":{"start":{"line":5,"column":63},"end":{"line":33,"column":3}},"line":5},"1":{"name":"(anonymous_1)","decl":{"start":{"line":13,"column":12},"end":{"line":13,"column":13}},"loc":{"start":{"line":13,"column":41},"end":{"line":18,"column":7}},"line":13},"2":{"name":"(anonymous_2)","decl":{"start":{"line":19,"column":13},"end":{"line":19,"column":14}},"loc":{"start":{"line":19,"column":22},"end":{"line":32,"column":7}},"line":19}},"branchMap":{"0":{"loc":{"start":{"line":21,"column":8},"end":{"line":26,"column":9}},"type":"if","locations":[{"start":{"line":21,"column":8},"end":{"line":26,"column":9}},{"start":{"line":24,"column":15},"end":{"line":26,"column":9}}],"line":21},"1":{"loc":{"start":{"line":21,"column":12},"end":{"line":21,"column":55}},"type":"binary-expr","locations":[{"start":{"line":21,"column":12},"end":{"line":21,"column":37}},{"start":{"line":21,"column":41},"end":{"line":21,"column":55}}],"line":21},"2":{"loc":{"start":{"line":24,"column":15},"end":{"line":26,"column":9}},"type":"if","locations":[{"start":{"line":24,"column":15},"end":{"line":26,"column":9}},{"start":{},"end":{}}],"line":24}},"s":{"0":5,"1":2,"2":3,"3":3,"4":0,"5":0,"6":3,"7":1,"8":3},"f":{"0":5,"1":2,"2":3},"b":{"0":[0,3],"1":[3,0],"2":[1,2]},"_coverageSchema":"1a1c01bbd47fc00a2c39e90264f33305004495a9","hash":"c8a7c525dd7dbd740d8e9114ddb03ca93c5d2ca6"}
,"C:\\Users\\Gustavo\\Desktop\\pokedex\\src\\infra\\mappers\\DomainMapper.ts": {"path":"C:\\Users\\Gustavo\\Desktop\\pokedex\\src\\infra\\mappers\\DomainMapper.ts","statementMap":{},"fnMap":{},"branchMap":{},"s":{},"f":{},"b":{},"_coverageSchema":"1a1c01bbd47fc00a2c39e90264f33305004495a9","hash":"70f5a16d84db07f98de104cd4f55876e1a92a686"}
,"C:\\Users\\Gustavo\\Desktop\\pokedex\\src\\infra\\mappers\\PokemonMapper.ts": {"path":"C:\\Users\\Gustavo\\Desktop\\pokedex\\src\\infra\\mappers\\PokemonMapper.ts","statementMap":{"0":{"start":{"line":7,"column":4},"end":{"line":14,"column":6}}},"fnMap":{"0":{"name":"(anonymous_0)","decl":{"start":{"line":6,"column":2},"end":{"line":6,"column":3}},"loc":{"start":{"line":6,"column":43},"end":{"line":15,"column":3}},"line":6}},"branchMap":{},"s":{"0":1},"f":{"0":1},"b":{},"_coverageSchema":"1a1c01bbd47fc00a2c39e90264f33305004495a9","hash":"43aef4deeaf1005200099c69443d1fed40bdbc3b"}
,"C:\\Users\\Gustavo\\Desktop\\pokedex\\src\\infra\\repositories\\PokemonRepositoryImpl.ts": {"path":"C:\\Users\\Gustavo\\Desktop\\pokedex\\src\\infra\\repositories\\PokemonRepositoryImpl.ts","statementMap":{"0":{"start":{"line":19,"column":4},"end":{"line":34,"column":9}},"1":{"start":{"line":25,"column":8},"end":{"line":29,"column":9}},"2":{"start":{"line":26,"column":10},"end":{"line":28,"column":11}},"3":{"start":{"line":27,"column":12},"end":{"line":27,"column":41}},"4":{"start":{"line":30,"column":8},"end":{"line":30,"column":18}},"5":{"start":{"line":33,"column":8},"end":{"line":33,"column":36}},"6":{"start":{"line":38,"column":4},"end":{"line":51,"column":9}},"7":{"start":{"line":44,"column":8},"end":{"line":46,"column":9}},"8":{"start":{"line":45,"column":10},"end":{"line":45,"column":60}},"9":{"start":{"line":47,"column":8},"end":{"line":47,"column":20}},"10":{"start":{"line":50,"column":8},"end":{"line":50,"column":36}}},"fnMap":{"0":{"name":"(anonymous_0)","decl":{"start":{"line":13,"column":2},"end":{"line":13,"column":3}},"loc":{"start":{"line":16,"column":4},"end":{"line":16,"column":6}},"line":16},"1":{"name":"(anonymous_1)","decl":{"start":{"line":18,"column":2},"end":{"line":18,"column":3}},"loc":{"start":{"line":18,"column":43},"end":{"line":35,"column":3}},"line":18},"2":{"name":"(anonymous_2)","decl":{"start":{"line":24,"column":12},"end":{"line":24,"column":13}},"loc":{"start":{"line":24,"column":24},"end":{"line":31,"column":7}},"line":24},"3":{"name":"(anonymous_3)","decl":{"start":{"line":32,"column":13},"end":{"line":32,"column":14}},"loc":{"start":{"line":32,"column":19},"end":{"line":34,"column":7}},"line":32},"4":{"name":"(anonymous_4)","decl":{"start":{"line":37,"column":2},"end":{"line":37,"column":3}},"loc":{"start":{"line":37,"column":62},"end":{"line":52,"column":3}},"line":37},"5":{"name":"(anonymous_5)","decl":{"start":{"line":43,"column":12},"end":{"line":43,"column":13}},"loc":{"start":{"line":43,"column":24},"end":{"line":48,"column":7}},"line":43},"6":{"name":"(anonymous_6)","decl":{"start":{"line":49,"column":13},"end":{"line":49,"column":14}},"loc":{"start":{"line":49,"column":19},"end":{"line":51,"column":7}},"line":49}},"branchMap":{"0":{"loc":{"start":{"line":25,"column":8},"end":{"line":29,"column":9}},"type":"if","locations":[{"start":{"line":25,"column":8},"end":{"line":29,"column":9}},{"start":{},"end":{}}],"line":25},"1":{"loc":{"start":{"line":26,"column":10},"end":{"line":28,"column":11}},"type":"if","locations":[{"start":{"line":26,"column":10},"end":{"line":28,"column":11}},{"start":{},"end":{}}],"line":26},"2":{"loc":{"start":{"line":26,"column":14},"end":{"line":26,"column":63}},"type":"binary-expr","locations":[{"start":{"line":26,"column":14},"end":{"line":26,"column":27}},{"start":{"line":26,"column":31},"end":{"line":26,"column":63}}],"line":26},"3":{"loc":{"start":{"line":44,"column":8},"end":{"line":46,"column":9}},"type":"if","locations":[{"start":{"line":44,"column":8},"end":{"line":46,"column":9}},{"start":{},"end":{}}],"line":44},"4":{"loc":{"start":{"line":44,"column":12},"end":{"line":44,"column":56}},"type":"binary-expr","locations":[{"start":{"line":44,"column":12},"end":{"line":44,"column":39}},{"start":{"line":44,"column":43},"end":{"line":44,"column":56}}],"line":44}},"s":{"0":4,"1":3,"2":2,"3":0,"4":2,"5":2,"6":0,"7":0,"8":0,"9":0,"10":0},"f":{"0":8,"1":4,"2":3,"3":2,"4":0,"5":0,"6":0},"b":{"0":[2,1],"1":[0,1],"2":[2,1],"3":[0,0],"4":[0,0]},"_coverageSchema":"1a1c01bbd47fc00a2c39e90264f33305004495a9","hash":"e027096bde25e06824372ea7cb5312c8e0602a6f"}
,"C:\\Users\\Gustavo\\Desktop\\pokedex\\src\\presentation\\pages\\pokemonsPage\\PokemonsPage.tsx": {"path":"C:\\Users\\Gustavo\\Desktop\\pokedex\\src\\presentation\\pages\\pokemonsPage\\PokemonsPage.tsx","statementMap":{"0":{"start":{"line":11,"column":38},"end":{"line":27,"column":1}},"1":{"start":{"line":12,"column":45},"end":{"line":12,"column":69}},"2":{"start":{"line":14,"column":2},"end":{"line":16,"column":9}},"3":{"start":{"line":15,"column":4},"end":{"line":15,"column":20}},"4":{"start":{"line":18,"column":2},"end":{"line":26,"column":4}},"5":{"start":{"line":23,"column":34},"end":{"line":23,"column":58}}},"fnMap":{"0":{"name":"(anonymous_0)","decl":{"start":{"line":11,"column":38},"end":{"line":11,"column":39}},"loc":{"start":{"line":11,"column":57},"end":{"line":27,"column":1}},"line":11},"1":{"name":"(anonymous_1)","decl":{"start":{"line":14,"column":12},"end":{"line":14,"column":13}},"loc":{"start":{"line":14,"column":18},"end":{"line":16,"column":3}},"line":14},"2":{"name":"(anonymous_2)","decl":{"start":{"line":23,"column":20},"end":{"line":23,"column":21}},"loc":{"start":{"line":23,"column":34},"end":{"line":23,"column":58}},"line":23}},"branchMap":{},"s":{"0":1,"1":0,"2":0,"3":0,"4":0,"5":0},"f":{"0":0,"1":0,"2":0},"b":{},"_coverageSchema":"1a1c01bbd47fc00a2c39e90264f33305004495a9","hash":"7790f8e2fce530c09a26ca9b416ff46c543eeeff"}
,"C:\\Users\\Gustavo\\Desktop\\pokedex\\src\\presentation\\pages\\pokemonsPage\\PokemonsPageViewModelImpl.ts": {"path":"C:\\Users\\Gustavo\\Desktop\\pokedex\\src\\presentation\\pages\\pokemonsPage\\PokemonsPageViewModelImpl.ts","statementMap":{"0":{"start":{"line":12,"column":36},"end":{"line":12,"column":59}},"1":{"start":{"line":13,"column":30},"end":{"line":13,"column":59}},"2":{"start":{"line":15,"column":26},"end":{"line":26,"column":5}},"3":{"start":{"line":16,"column":6},"end":{"line":25,"column":11}},"4":{"start":{"line":19,"column":30},"end":{"line":19,"column":73}},"5":{"start":{"line":20,"column":10},"end":{"line":20,"column":35}},"6":{"start":{"line":23,"column":10},"end":{"line":23,"column":61}},"7":{"start":{"line":24,"column":10},"end":{"line":24,"column":33}},"8":{"start":{"line":28,"column":4},"end":{"line":32,"column":6}}},"fnMap":{"0":{"name":"(anonymous_0)","decl":{"start":{"line":9,"column":2},"end":{"line":9,"column":3}},"loc":{"start":{"line":9,"column":61},"end":{"line":9,"column":63}},"line":9},"1":{"name":"(anonymous_1)","decl":{"start":{"line":11,"column":2},"end":{"line":11,"column":3}},"loc":{"start":{"line":11,"column":17},"end":{"line":33,"column":3}},"line":11},"2":{"name":"(anonymous_2)","decl":{"start":{"line":15,"column":26},"end":{"line":15,"column":27}},"loc":{"start":{"line":15,"column":38},"end":{"line":26,"column":5}},"line":15},"3":{"name":"(anonymous_3)","decl":{"start":{"line":18,"column":14},"end":{"line":18,"column":15}},"loc":{"start":{"line":18,"column":34},"end":{"line":21,"column":9}},"line":18},"4":{"name":"(anonymous_4)","decl":{"start":{"line":22,"column":15},"end":{"line":22,"column":16}},"loc":{"start":{"line":22,"column":28},"end":{"line":25,"column":9}},"line":22}},"branchMap":{},"s":{"0":5,"1":5,"2":5,"3":2,"4":1,"5":1,"6":1,"7":1,"8":5},"f":{"0":5,"1":5,"2":2,"3":1,"4":1},"b":{},"_coverageSchema":"1a1c01bbd47fc00a2c39e90264f33305004495a9","hash":"0f3558bca660ab9d94e082573ad0c3953a590d32"}
,"C:\\Users\\Gustavo\\Desktop\\pokedex\\src\\presentation\\pages\\pokemonsPage\\Styles.ts": {"path":"C:\\Users\\Gustavo\\Desktop\\pokedex\\src\\presentation\\pages\\pokemonsPage\\Styles.ts","statementMap":{"0":{"start":{"line":3,"column":25},"end":{"line":6,"column":1}},"1":{"start":{"line":8,"column":20},"end":{"line":8,"column":33}}},"fnMap":{},"branchMap":{},"s":{"0":1,"1":1},"f":{},"b":{},"_coverageSchema":"1a1c01bbd47fc00a2c39e90264f33305004495a9","hash":"dd7f2722f173de29ab2e7e36b6d0ea3e54e7e4da"}
}
