TN:
SF:src\App.tsx
FN:16,(anonymous_0)
FNF:1
FNH:0
FNDA:0,(anonymous_0)
DA:8,0
DA:16,0
DA:17,0
DA:18,0
LF:4
LH:0
BRF:0
BRH:0
end_of_record
TN:
SF:src\data\models\PokemonResponse.ts
FNF:0
FNH:0
LF:0
LH:0
BRF:0
BRH:0
end_of_record
TN:
SF:src\data\models\PokemonsResponse.ts
FNF:0
FNH:0
LF:0
LH:0
BRF:0
BRH:0
end_of_record
TN:
SF:src\data\protocols\http\HttpClient.ts
FNF:0
FNH:0
LF:0
LH:0
BRF:0
BRH:0
end_of_record
TN:
SF:src\data\protocols\repository\PokemonRepository.ts
FNF:0
FNH:0
LF:0
LH:0
BRF:0
BRH:0
end_of_record
TN:
SF:src\data\protocols\viewModel\PokemonsPageViewModel.ts
FNF:0
FNH:0
LF:0
LH:0
BRF:0
BRH:0
end_of_record
TN:
SF:src\data\usecases\FetchPokemonsImpl.ts
FN:6,(anonymous_0)
FN:8,(anonymous_1)
FN:13,(anonymous_2)
FNF:3
FNH:3
FNDA:4,(anonymous_0)
FNDA:1,(anonymous_1)
FNDA:3,(anonymous_2)
DA:9,1
DA:11,1
DA:13,1
DA:14,3
DA:17,1
LF:5
LH:5
BRF:0
BRH:0
end_of_record
TN:
SF:src\domain\entities\Pokemon.ts
FNF:0
FNH:0
LF:0
LH:0
BRF:0
BRH:0
end_of_record
TN:
SF:src\domain\errors\DataSourceError.ts
FN:2,(anonymous_0)
FNF:1
FNH:1
FNDA:2,(anonymous_0)
DA:3,2
DA:4,2
LF:2
LH:2
BRF:0
BRH:0
end_of_record
TN:
SF:src\domain\errors\UnexpectedError.ts
FN:2,(anonymous_0)
FNF:1
FNH:0
FNDA:0,(anonymous_0)
DA:3,0
DA:4,0
LF:2
LH:0
BRF:0
BRH:0
end_of_record
TN:
SF:src\domain\usecases\FetchPokemons.ts
FNF:0
FNH:0
LF:0
LH:0
BRF:0
BRH:0
end_of_record
TN:
SF:src\infra\http\AxiosHttpClient.ts
FN:5,(anonymous_0)
FN:13,(anonymous_1)
FN:19,(anonymous_2)
FNF:3
FNH:3
FNDA:5,(anonymous_0)
FNDA:2,(anonymous_1)
FNDA:3,(anonymous_2)
DA:6,5
DA:14,2
DA:20,3
DA:21,3
DA:22,0
DA:23,0
DA:24,3
DA:25,1
DA:28,3
LF:9
LH:7
BRDA:21,0,0,0
BRDA:21,0,1,3
BRDA:21,1,0,3
BRDA:21,1,1,0
BRDA:24,2,0,1
BRDA:24,2,1,2
BRF:6
BRH:4
end_of_record
TN:
SF:src\infra\mappers\DomainMapper.ts
FNF:0
FNH:0
LF:0
LH:0
BRF:0
BRH:0
end_of_record
TN:
SF:src\infra\mappers\PokemonMapper.ts
FN:6,(anonymous_0)
FNF:1
FNH:1
FNDA:1,(anonymous_0)
DA:7,1
LF:1
LH:1
BRF:0
BRH:0
end_of_record
TN:
SF:src\infra\repositories\PokemonRepositoryImpl.ts
FN:13,(anonymous_0)
FN:18,(anonymous_1)
FN:24,(anonymous_2)
FN:32,(anonymous_3)
FN:37,(anonymous_4)
FN:43,(anonymous_5)
FN:49,(anonymous_6)
FNF:7
FNH:4
FNDA:8,(anonymous_0)
FNDA:4,(anonymous_1)
FNDA:3,(anonymous_2)
FNDA:2,(anonymous_3)
FNDA:0,(anonymous_4)
FNDA:0,(anonymous_5)
FNDA:0,(anonymous_6)
DA:19,4
DA:25,3
DA:26,2
DA:27,0
DA:30,2
DA:33,2
DA:38,0
DA:44,0
DA:45,0
DA:47,0
DA:50,0
LF:11
LH:5
BRDA:25,0,0,2
BRDA:25,0,1,1
BRDA:26,1,0,0
BRDA:26,1,1,1
BRDA:26,2,0,2
BRDA:26,2,1,1
BRDA:44,3,0,0
BRDA:44,3,1,0
BRDA:44,4,0,0
BRDA:44,4,1,0
BRF:10
BRH:5
end_of_record
TN:
SF:src\presentation\pages\pokemonsPage\PokemonsPage.tsx
FN:11,(anonymous_0)
FN:14,(anonymous_1)
FN:23,(anonymous_2)
FNF:3
FNH:0
FNDA:0,(anonymous_0)
FNDA:0,(anonymous_1)
FNDA:0,(anonymous_2)
DA:11,1
DA:12,0
DA:14,0
DA:15,0
DA:18,0
DA:23,0
LF:6
LH:1
BRF:0
BRH:0
end_of_record
TN:
SF:src\presentation\pages\pokemonsPage\PokemonsPageViewModelImpl.ts
FN:9,(anonymous_0)
FN:11,(anonymous_1)
FN:15,(anonymous_2)
FN:18,(anonymous_3)
FN:22,(anonymous_4)
FNF:5
FNH:5
FNDA:5,(anonymous_0)
FNDA:5,(anonymous_1)
FNDA:2,(anonymous_2)
FNDA:1,(anonymous_3)
FNDA:1,(anonymous_4)
DA:12,5
DA:13,5
DA:15,5
DA:16,2
DA:19,1
DA:20,1
DA:23,1
DA:24,1
DA:28,5
LF:9
LH:9
BRF:0
BRH:0
end_of_record
TN:
SF:src\presentation\pages\pokemonsPage\Styles.ts
FNF:0
FNH:0
DA:3,1
DA:8,1
LF:2
LH:2
BRF:0
BRH:0
end_of_record
